<?xml version="1.0" encoding="UTF-8"?>
<!-- Generated by org.testng.reporters.JUnitReportReporter -->
<testsuite hostname="LIE-5CG9343MH7" failures="0" tests="1" name="PhpTravelsTest.RegistrationTest" time="18.929" errors="0" timestamp="2021-07-14T19:44:39 IST" skipped="0">
  <testcase classname="PhpTravelsTest.RegistrationTest" name="ManualPassingValuesRegistrationTest" time="18.929"/>
  <system-out/>
</testsuite> <!-- PhpTravelsTest.RegistrationTest -->
