<?xml version="1.0" encoding="UTF-8"?>
<!-- Generated by org.testng.reporters.JUnitReportReporter -->
<testsuite hostname="LIE-5CG9343MH7" failures="0" tests="1" name="Training.BenchTrainingEbay.RegistrationTest" time="16.529" errors="0" timestamp="2021-07-14T15:31:54 IST" skipped="0">
  <testcase classname="Training.BenchTrainingEbay.RegistrationTest" name="One" time="16.529"/>
  <system-out/>
</testsuite> <!-- Training.BenchTrainingEbay.RegistrationTest -->
